<?xml version="1.0" encoding="UTF-8"?>
<!-- Generated by org.testng.reporters.JUnitXMLReporter -->
<testsuite hostname="mohameds-MacBook-Pro.local" ignored="3" tests="1" failures="0" timestamp="06 Apr 2019 12:22:00 GMT" time="12.658" errors="0">
  <testcase name="addition" time="9.13" classname="MyTests"/>
  <testcase name="test1" time="0.0" classname="MyTests">
    <ignored/>
  </testcase> <!-- test1 -->
  <testcase name="subtraction" time="0.0" classname="MyTests">
    <ignored/>
  </testcase> <!-- subtraction -->
  <testcase name="Multiplication" time="0.0" classname="MyTests">
    <ignored/>
  </testcase> <!-- Multiplication -->
</testsuite>
