<?xml version="1.0" encoding="UTF-8"?>
<testng-results skipped="0" failed="0" ignored="3" total="8" passed="5">
  <reporter-output>
  </reporter-output>
  <suite name="TestSuite1" duration-ms="55120" started-at="2019-04-07T15:58:42Z" finished-at="2019-04-07T15:59:37Z">
    <groups>
    </groups>
    <test name="Test1" duration-ms="55120" started-at="2019-04-07T15:58:42Z" finished-at="2019-04-07T15:59:37Z">
      <class name="MyTests">
        <test-method status="PASS" signature="Setup()[pri:0, instance:MyTests@18dff9f3]" name="Setup" is-config="true" duration-ms="5809" started-at="2019-04-07T15:58:42Z" finished-at="2019-04-07T15:58:48Z">
          <reporter-output>
          </reporter-output>
        </test-method> <!-- Setup -->
        <test-method status="PASS" signature="addition(java.lang.String, java.lang.String, java.lang.String)[pri:0, instance:MyTests@18dff9f3]" name="addition" duration-ms="5844" started-at="2019-04-07T15:58:48Z" data-provider="numbers1" finished-at="2019-04-07T15:58:54Z">
          <params>
            <param index="0">
              <value>
                <![CDATA[1]]>
              </value>
            </param>
            <param index="1">
              <value>
                <![CDATA[1]]>
              </value>
            </param>
            <param index="2">
              <value>
                <![CDATA[2]]>
              </value>
            </param>
          </params>
          <reporter-output>
          </reporter-output>
        </test-method> <!-- addition -->
        <test-method status="PASS" signature="End()[pri:0, instance:MyTests@18dff9f3]" name="End" is-config="true" duration-ms="94" started-at="2019-04-07T15:58:54Z" finished-at="2019-04-07T15:58:54Z">
          <reporter-output>
          </reporter-output>
        </test-method> <!-- End -->
        <test-method status="PASS" signature="Setup()[pri:0, instance:MyTests@18dff9f3]" name="Setup" is-config="true" duration-ms="5856" started-at="2019-04-07T15:58:54Z" finished-at="2019-04-07T15:59:00Z">
          <reporter-output>
          </reporter-output>
        </test-method> <!-- Setup -->
        <test-method status="PASS" signature="addition(java.lang.String, java.lang.String, java.lang.String)[pri:0, instance:MyTests@18dff9f3]" name="addition" duration-ms="5249" started-at="2019-04-07T15:59:00Z" data-provider="numbers1" finished-at="2019-04-07T15:59:05Z">
          <params>
            <param index="0">
              <value>
                <![CDATA[2]]>
              </value>
            </param>
            <param index="1">
              <value>
                <![CDATA[2]]>
              </value>
            </param>
            <param index="2">
              <value>
                <![CDATA[4]]>
              </value>
            </param>
          </params>
          <reporter-output>
          </reporter-output>
        </test-method> <!-- addition -->
        <test-method status="PASS" signature="End()[pri:0, instance:MyTests@18dff9f3]" name="End" is-config="true" duration-ms="89" started-at="2019-04-07T15:59:05Z" finished-at="2019-04-07T15:59:05Z">
          <reporter-output>
          </reporter-output>
        </test-method> <!-- End -->
        <test-method status="PASS" signature="Setup()[pri:0, instance:MyTests@18dff9f3]" name="Setup" is-config="true" duration-ms="5537" started-at="2019-04-07T15:59:05Z" finished-at="2019-04-07T15:59:11Z">
          <reporter-output>
          </reporter-output>
        </test-method> <!-- Setup -->
        <test-method status="PASS" signature="addition(java.lang.String, java.lang.String, java.lang.String)[pri:0, instance:MyTests@18dff9f3]" name="addition" duration-ms="5251" started-at="2019-04-07T15:59:11Z" data-provider="numbers1" finished-at="2019-04-07T15:59:16Z">
          <params>
            <param index="0">
              <value>
                <![CDATA[3]]>
              </value>
            </param>
            <param index="1">
              <value>
                <![CDATA[3]]>
              </value>
            </param>
            <param index="2">
              <value>
                <![CDATA[6]]>
              </value>
            </param>
          </params>
          <reporter-output>
          </reporter-output>
        </test-method> <!-- addition -->
        <test-method status="PASS" signature="End()[pri:0, instance:MyTests@18dff9f3]" name="End" is-config="true" duration-ms="82" started-at="2019-04-07T15:59:16Z" finished-at="2019-04-07T15:59:16Z">
          <reporter-output>
          </reporter-output>
        </test-method> <!-- End -->
        <test-method status="PASS" signature="Setup()[pri:0, instance:MyTests@18dff9f3]" name="Setup" is-config="true" duration-ms="5664" started-at="2019-04-07T15:59:16Z" finished-at="2019-04-07T15:59:22Z">
          <reporter-output>
          </reporter-output>
        </test-method> <!-- Setup -->
        <test-method status="PASS" signature="addition(java.lang.String, java.lang.String, java.lang.String)[pri:0, instance:MyTests@18dff9f3]" name="addition" duration-ms="5280" started-at="2019-04-07T15:59:22Z" data-provider="numbers1" finished-at="2019-04-07T15:59:27Z">
          <params>
            <param index="0">
              <value>
                <![CDATA[4]]>
              </value>
            </param>
            <param index="1">
              <value>
                <![CDATA[5]]>
              </value>
            </param>
            <param index="2">
              <value>
                <![CDATA[9]]>
              </value>
            </param>
          </params>
          <reporter-output>
          </reporter-output>
        </test-method> <!-- addition -->
        <test-method status="PASS" signature="End()[pri:0, instance:MyTests@18dff9f3]" name="End" is-config="true" duration-ms="100" started-at="2019-04-07T15:59:27Z" finished-at="2019-04-07T15:59:27Z">
          <reporter-output>
          </reporter-output>
        </test-method> <!-- End -->
        <test-method status="PASS" signature="Setup()[pri:0, instance:MyTests@18dff9f3]" name="Setup" is-config="true" duration-ms="4701" started-at="2019-04-07T15:59:27Z" finished-at="2019-04-07T15:59:32Z">
          <reporter-output>
          </reporter-output>
        </test-method> <!-- Setup -->
        <test-method status="PASS" signature="addition(java.lang.String, java.lang.String, java.lang.String)[pri:0, instance:MyTests@18dff9f3]" name="addition" duration-ms="5412" started-at="2019-04-07T15:59:32Z" data-provider="numbers1" finished-at="2019-04-07T15:59:37Z">
          <params>
            <param index="0">
              <value>
                <![CDATA[7]]>
              </value>
            </param>
            <param index="1">
              <value>
                <![CDATA[9]]>
              </value>
            </param>
            <param index="2">
              <value>
                <![CDATA[16]]>
              </value>
            </param>
          </params>
          <reporter-output>
          </reporter-output>
        </test-method> <!-- addition -->
        <test-method status="PASS" signature="End()[pri:0, instance:MyTests@18dff9f3]" name="End" is-config="true" duration-ms="83" started-at="2019-04-07T15:59:37Z" finished-at="2019-04-07T15:59:37Z">
          <reporter-output>
          </reporter-output>
        </test-method> <!-- End -->
      </class> <!-- MyTests -->
    </test> <!-- Test1 -->
  </suite> <!-- TestSuite1 -->
</testng-results>
