<?xml version="1.0" encoding="UTF-8"?>
<testng-results skipped="0" failed="0" ignored="3" total="4" passed="1">
  <reporter-output>
  </reporter-output>
  <suite name="TestSuite1" duration-ms="12658" started-at="2019-04-06T12:21:42Z" finished-at="2019-04-06T12:21:55Z">
    <groups>
    </groups>
    <test name="Test1" duration-ms="12658" started-at="2019-04-06T12:21:42Z" finished-at="2019-04-06T12:21:55Z">
      <class name="MyTests">
        <test-method status="PASS" signature="Setup()[pri:0, instance:MyTests@52bf72b5]" name="Setup" is-config="true" duration-ms="3364" started-at="2019-04-06T12:21:42Z" finished-at="2019-04-06T12:21:46Z">
          <reporter-output>
          </reporter-output>
        </test-method> <!-- Setup -->
        <test-method status="PASS" signature="addition(java.lang.String, java.lang.String, java.lang.String)[pri:0, instance:MyTests@52bf72b5]" name="addition" duration-ms="9130" started-at="2019-04-06T12:21:46Z" data-provider="numbers1" finished-at="2019-04-06T12:21:55Z">
          <params>
            <param index="0">
              <value>
                <![CDATA[1]]>
              </value>
            </param>
            <param index="1">
              <value>
                <![CDATA[1]]>
              </value>
            </param>
            <param index="2">
              <value>
                <![CDATA[2]]>
              </value>
            </param>
          </params>
          <reporter-output>
          </reporter-output>
        </test-method> <!-- addition -->
        <test-method status="PASS" signature="End()[pri:0, instance:MyTests@52bf72b5]" name="End" is-config="true" duration-ms="96" started-at="2019-04-06T12:21:55Z" finished-at="2019-04-06T12:21:55Z">
          <reporter-output>
          </reporter-output>
        </test-method> <!-- End -->
      </class> <!-- MyTests -->
    </test> <!-- Test1 -->
  </suite> <!-- TestSuite1 -->
</testng-results>
